<?xml version="1.0" encoding="UTF-8" ?>
<testsuite tests="18" failures="0" name="com.cerner.devessentials.unittesting.bmi.BMIresultLoaderTest" time="0.274" errors="0" skipped="0">
  <properties>
[...]
</properties>
  <testcase classname="com.cerner.devessentials.unittesting.bmi.BMIresultLoaderTest" name="test10" time="0.003"/>
  <testcase classname="com.cerner.devessentials.unittesting.bmi.BMIresultLoaderTest" name="test11" time="0"/>
  <testcase classname="com.cerner.devessentials.unittesting.bmi.BMIresultLoaderTest" name="test12" time="0"/>
  <testcase classname="com.cerner.devessentials.unittesting.bmi.BMIresultLoaderTest" name="test13" time="0.001"/>
  <testcase classname="com.cerner.devessentials.unittesting.bmi.BMIresultLoaderTest" name="test14" time="0"/>
  <testcase classname="com.cerner.devessentials.unittesting.bmi.BMIresultLoaderTest" name="test15" time="0.252"/>
  <testcase classname="com.cerner.devessentials.unittesting.bmi.BMIresultLoaderTest" name="test16" time="0.001"/>
  <testcase classname="com.cerner.devessentials.unittesting.bmi.BMIresultLoaderTest" name="test17" time="0"/>
  <testcase classname="com.cerner.devessentials.unittesting.bmi.BMIresultLoaderTest" name="test18" time="0"/>
  <testcase classname="com.cerner.devessentials.unittesting.bmi.BMIresultLoaderTest" name="test1" time="0.001"/>
  <testcase classname="com.cerner.devessentials.unittesting.bmi.BMIresultLoaderTest" name="test2" time="0"/>
  <testcase classname="com.cerner.devessentials.unittesting.bmi.BMIresultLoaderTest" name="test3" time="0"/>
  <testcase classname="com.cerner.devessentials.unittesting.bmi.BMIresultLoaderTest" name="test4" time="0"/>
  <testcase classname="com.cerner.devessentials.unittesting.bmi.BMIresultLoaderTest" name="test5" time="0"/>
  <testcase classname="com.cerner.devessentials.unittesting.bmi.BMIresultLoaderTest" name="test6" time="0"/>
  <testcase classname="com.cerner.devessentials.unittesting.bmi.BMIresultLoaderTest" name="test7" time="0"/>
  <testcase classname="com.cerner.devessentials.unittesting.bmi.BMIresultLoaderTest" name="test8" time="0"/>
  <testcase classname="com.cerner.devessentials.unittesting.bmi.BMIresultLoaderTest" name="test9" time="0"/>
</testsuite>