<?xml version="1.0" encoding="UTF-8" ?>
<testsuite tests="9" failures="0" name="com.cerner.devessentials.unittesting.bmi.BMICalculatorImplTest" time="0.195" errors="0" skipped="0">
  <properties>
[...]
</properties>
  <testcase classname="CalculateBMITest[0: bmi Of(1.8 and 55) is 16.975](com.cerner.devessentials.unittesting.bmi.BMICalculatorImplTest)" name="CalculateBMITest[0: bmi Of" time="0.003"/>
  <testcase classname="CalculateBMITest[1: bmi Of(3 and 500) is 55.556](com.cerner.devessentials.unittesting.bmi.BMICalculatorImplTest)" name="CalculateBMITest[1: bmi Of" time="0"/>
  <testcase classname="CalculateBMITest[2: bmi Of(1 and 10) is 10](com.cerner.devessentials.unittesting.bmi.BMICalculatorImplTest)" name="CalculateBMITest[2: bmi Of" time="0"/>
  <testcase classname="CalculateBMITest[3: bmi Of(0 and 9) is -1](com.cerner.devessentials.unittesting.bmi.BMICalculatorImplTest)" name="CalculateBMITest[3: bmi Of" time="0.013"/>
  <testcase classname="CalculateBMITest[4: bmi Of(4 and 501) is -1](com.cerner.devessentials.unittesting.bmi.BMICalculatorImplTest)" name="CalculateBMITest[4: bmi Of" time="0"/>
  <testcase classname="CalculateBMITest[5: bmi Of(-1 and 11) is -1](com.cerner.devessentials.unittesting.bmi.BMICalculatorImplTest)" name="CalculateBMITest[5: bmi Of" time="0"/>
  <testcase classname="CalculateBMITest[6: bmi Of(2 and -5) is -1](com.cerner.devessentials.unittesting.bmi.BMICalculatorImplTest)" name="CalculateBMITest[6: bmi Of" time="0.001"/>
  <testcase classname="CalculateBMITest[7: bmi Of(3.1 and 55) is -1](com.cerner.devessentials.unittesting.bmi.BMICalculatorImplTest)" name="CalculateBMITest[7: bmi Of" time="0"/>
  <testcase classname="CalculateBMITest[8: bmi Of(2 and 501) is -1](com.cerner.devessentials.unittesting.bmi.BMICalculatorImplTest)" name="CalculateBMITest[8: bmi Of" time="0"/>
</testsuite>